[2021-07-01T10:04:56.937] [DEBUG] cheese - login => username:aaa,password:123456
[2021-07-01T10:04:56.939] [DEBUG] cheese - aaa
[2021-07-01T10:04:56.971] [DEBUG] cheese - null
[2021-07-01T10:04:56.972] [DEBUG] cheese - null
[2021-07-01T10:07:09.089] [DEBUG] cheese - login => username:admin
,password:123456
[2021-07-01T10:07:09.089] [DEBUG] cheese - admin

[2021-07-01T10:07:09.093] [DEBUG] cheese - null
[2021-07-01T10:07:09.093] [DEBUG] cheese - null
[2021-07-01T10:07:17.169] [DEBUG] cheese - login => username:admin,password:123456
[2021-07-01T10:07:17.169] [DEBUG] cheese - admin
[2021-07-01T10:07:17.181] [DEBUG] cheese - null
[2021-07-01T10:07:17.182] [DEBUG] cheese - null
[2021-07-01T10:09:15.270] [DEBUG] cheese - login => username:admim,password:123456
[2021-07-01T10:09:15.270] [DEBUG] cheese - admim
[2021-07-01T10:09:15.274] [DEBUG] cheese - null
[2021-07-01T10:09:15.274] [DEBUG] cheese - null
[2021-07-01T10:09:24.220] [DEBUG] cheese - login => username:admin,password:123456
[2021-07-01T10:09:24.220] [DEBUG] cheese - admin
[2021-07-01T10:09:24.224] [DEBUG] cheese - null
[2021-07-01T10:09:24.224] [DEBUG] cheese - null
[2021-07-01T10:19:34.249] [DEBUG] cheese - login => username:admin,password:123456
[2021-07-01T10:19:34.252] [DEBUG] cheese - admin
[2021-07-01T10:19:34.273] [DEBUG] cheese - null
[2021-07-01T10:19:34.274] [DEBUG] cheese - null
[2021-07-01T16:00:46.489] [DEBUG] cheese - login => username:admin,password:123456
[2021-07-01T16:00:46.491] [DEBUG] cheese - admin
[2021-07-01T16:00:46.537] [DEBUG] cheese - null
[2021-07-01T16:00:46.537] [DEBUG] cheese - null
[2021-07-01T16:02:53.298] [DEBUG] cheese - login => username:admin,password:123456
[2021-07-01T16:02:53.298] [DEBUG] cheese - admin
[2021-07-01T16:02:53.305] [DEBUG] cheese - null
[2021-07-01T16:02:53.305] [DEBUG] cheese - null
[2021-07-01T16:03:04.186] [DEBUG] cheese - login => username:adminw,password:123456
[2021-07-01T16:03:04.186] [DEBUG] cheese - adminw
[2021-07-01T16:03:04.195] [DEBUG] cheese - null
[2021-07-01T16:03:04.195] [DEBUG] cheese - null
[2021-07-01T16:03:16.412] [DEBUG] cheese - login => username:admin,password:123456
[2021-07-01T16:03:16.412] [DEBUG] cheese - admin
[2021-07-01T16:03:16.419] [DEBUG] cheese - null
[2021-07-01T16:03:16.420] [DEBUG] cheese - null
[2021-07-01T16:03:20.623] [DEBUG] cheese - login => username:adminww,password:123456
[2021-07-01T16:03:20.623] [DEBUG] cheese - adminww
[2021-07-01T16:03:20.632] [DEBUG] cheese - null
[2021-07-01T16:03:20.632] [DEBUG] cheese - null
[2021-07-01T16:03:57.396] [DEBUG] cheese - login => username:adminww,password:123456qqq
[2021-07-01T16:03:57.396] [DEBUG] cheese - adminww
[2021-07-01T16:03:57.403] [DEBUG] cheese - null
[2021-07-01T16:03:57.403] [DEBUG] cheese - null
[2021-07-01T16:05:10.391] [DEBUG] cheese - login => username:admin,password:123456
[2021-07-01T16:05:10.391] [DEBUG] cheese - admin
[2021-07-01T16:05:10.403] [DEBUG] cheese - null
[2021-07-01T16:05:10.403] [DEBUG] cheese - null
[2021-07-01T16:05:17.250] [DEBUG] cheese - login => username:adminww,password:123456ww
[2021-07-01T16:05:17.250] [DEBUG] cheese - adminww
[2021-07-01T16:05:17.254] [DEBUG] cheese - null
[2021-07-01T16:05:17.254] [DEBUG] cheese - null
[2021-07-01T16:10:35.805] [DEBUG] cheese - login => username:admin,password:123456
[2021-07-01T16:10:35.805] [DEBUG] cheese - admin
[2021-07-01T16:10:35.815] [DEBUG] cheese - null
[2021-07-01T16:10:35.815] [DEBUG] cheese - null
[2021-07-01T16:10:48.719] [DEBUG] cheese - login => username:admin,password:123456
[2021-07-01T16:10:48.719] [DEBUG] cheese - admin
[2021-07-01T16:10:48.727] [DEBUG] cheese - null
[2021-07-01T16:10:48.727] [DEBUG] cheese - null
[2021-07-01T16:17:11.790] [DEBUG] cheese - login => username:admin,password:123456
[2021-07-01T16:17:11.790] [DEBUG] cheese - admin
[2021-07-01T16:17:11.804] [DEBUG] cheese - null
[2021-07-01T16:17:11.804] [DEBUG] cheese - null
[2021-07-01T16:17:15.550] [DEBUG] cheese - login => username:admin ,password:123456
[2021-07-01T16:17:15.550] [DEBUG] cheese - admin 
[2021-07-01T16:17:15.555] [DEBUG] cheese - null
[2021-07-01T16:17:15.555] [DEBUG] cheese - null
[2021-07-01T16:17:18.670] [DEBUG] cheese - login => username:admin x,password:123456
[2021-07-01T16:17:18.670] [DEBUG] cheese - admin x
[2021-07-01T16:17:18.674] [DEBUG] cheese - null
[2021-07-01T16:17:18.674] [DEBUG] cheese - null
[2021-07-01T16:29:26.743] [DEBUG] cheese - login => username:admin,password:123456
[2021-07-01T16:29:26.743] [DEBUG] cheese - admin
[2021-07-01T16:29:26.757] [DEBUG] cheese - null
[2021-07-01T16:29:26.757] [DEBUG] cheese - null
[2021-07-01T16:29:54.411] [DEBUG] cheese - login => username:admin,password:123456
[2021-07-01T16:29:54.411] [DEBUG] cheese - admin
[2021-07-01T16:29:54.421] [DEBUG] cheese - null
[2021-07-01T16:29:54.421] [DEBUG] cheese - null
[2021-07-01T16:29:59.242] [DEBUG] cheese - login => username:adminss,password:123456
[2021-07-01T16:29:59.242] [DEBUG] cheese - adminss
[2021-07-01T16:29:59.247] [DEBUG] cheese - null
[2021-07-01T16:29:59.247] [DEBUG] cheese - null
[2021-07-01T16:36:44.890] [DEBUG] cheese - login => username:admin,password:123456
[2021-07-01T16:36:44.890] [DEBUG] cheese - admin
[2021-07-01T16:36:44.899] [DEBUG] cheese - null
[2021-07-01T16:36:44.899] [DEBUG] cheese - null
[2021-07-01T16:37:12.104] [DEBUG] cheese - login => username:admin,password:123456
[2021-07-01T16:37:12.104] [DEBUG] cheese - admin
[2021-07-01T16:37:12.114] [DEBUG] cheese - null
[2021-07-01T16:37:12.115] [DEBUG] cheese - null
[2021-07-01T16:41:27.075] [DEBUG] cheese - login => username:admin,password:123456
[2021-07-01T16:41:27.075] [DEBUG] cheese - admin
[2021-07-01T16:41:27.090] [DEBUG] cheese - null
[2021-07-01T16:41:27.091] [DEBUG] cheese - null
[2021-07-01T16:41:44.263] [DEBUG] cheese - login => username:adminqq,password:123456
[2021-07-01T16:41:44.263] [DEBUG] cheese - adminqq
[2021-07-01T16:41:44.266] [DEBUG] cheese - null
[2021-07-01T16:41:44.266] [DEBUG] cheese - null
[2021-07-01T16:58:52.320] [DEBUG] cheese - login => username:admin,password:123456
[2021-07-01T16:58:52.320] [DEBUG] cheese - admin
[2021-07-01T16:58:52.333] [DEBUG] cheese - null
[2021-07-01T16:58:52.333] [DEBUG] cheese - null
[2021-07-01T16:59:23.842] [DEBUG] cheese - login => username:admin,password:123456
[2021-07-01T16:59:23.843] [DEBUG] cheese - admin
[2021-07-01T16:59:23.851] [DEBUG] cheese - null
[2021-07-01T16:59:23.852] [DEBUG] cheese - null
[2021-07-01T17:00:00.950] [DEBUG] cheese - login => username:admin,password:123456
[2021-07-01T17:00:00.950] [DEBUG] cheese - admin
[2021-07-01T17:00:00.961] [DEBUG] cheese - null
[2021-07-01T17:00:00.962] [DEBUG] cheese - null
[2021-07-01T17:02:16.262] [DEBUG] cheese - login => username:admin,password:123456
[2021-07-01T17:02:16.262] [DEBUG] cheese - admin
[2021-07-01T17:02:16.272] [DEBUG] cheese - null
[2021-07-01T17:02:16.272] [DEBUG] cheese - null
[2021-07-01T17:16:37.147] [DEBUG] cheese - login => username:admin,password:123456
[2021-07-01T17:16:37.147] [DEBUG] cheese - admin
[2021-07-01T17:16:37.154] [DEBUG] cheese - null
[2021-07-01T17:16:37.154] [DEBUG] cheese - null
[2021-07-01T23:41:52.243] [DEBUG] cheese - login => username:admin,password:123456
[2021-07-01T23:41:52.245] [DEBUG] cheese - admin
[2021-07-01T23:41:52.363] [DEBUG] cheese - null
[2021-07-01T23:41:52.364] [DEBUG] cheese - null
[2021-07-01T23:49:46.215] [DEBUG] cheese - login => username:admin,password:123456
[2021-07-01T23:49:46.216] [DEBUG] cheese - admin
[2021-07-01T23:49:46.223] [DEBUG] cheese - null
[2021-07-01T23:49:46.223] [DEBUG] cheese - null
[2021-07-02T18:35:33.707] [DEBUG] cheese - login => username:admin,password:123456
[2021-07-02T18:35:33.710] [DEBUG] cheese - admin
[2021-07-02T18:35:33.756] [DEBUG] cheese - null
[2021-07-02T18:35:33.756] [DEBUG] cheese - null
[2021-07-02T19:28:11.506] [DEBUG] cheese - login => username:admin,password:123456
[2021-07-02T19:28:11.508] [DEBUG] cheese - admin
[2021-07-02T19:28:11.552] [DEBUG] cheese - null
[2021-07-02T19:28:11.552] [DEBUG] cheese - null
[2021-07-02T19:30:17.503] [DEBUG] cheese - login => username:admin,password:123456
[2021-07-02T19:30:17.503] [DEBUG] cheese - admin
[2021-07-02T19:30:17.509] [DEBUG] cheese - null
[2021-07-02T19:30:17.509] [DEBUG] cheese - null
[2021-07-02T19:30:31.813] [DEBUG] cheese - login => username:admin,password:123456
[2021-07-02T19:30:31.814] [DEBUG] cheese - admin
[2021-07-02T19:30:31.824] [DEBUG] cheese - null
[2021-07-02T19:30:31.824] [DEBUG] cheese - null
[2021-07-02T19:37:16.372] [DEBUG] cheese - login => username:admin,password:123456
[2021-07-02T19:37:16.373] [DEBUG] cheese - admin
[2021-07-02T19:37:16.381] [DEBUG] cheese - null
[2021-07-02T19:37:16.381] [DEBUG] cheese - null
[2021-07-02T19:42:36.427] [DEBUG] cheese - login => username:admin,password:123456
[2021-07-02T19:42:36.427] [DEBUG] cheese - admin
[2021-07-02T19:42:36.432] [DEBUG] cheese - null
[2021-07-02T19:42:36.432] [DEBUG] cheese - null
[2021-07-02T19:44:53.437] [DEBUG] cheese - login => username:admin,password:123456
[2021-07-02T19:44:53.437] [DEBUG] cheese - admin
[2021-07-02T19:44:53.441] [DEBUG] cheese - null
[2021-07-02T19:44:53.442] [DEBUG] cheese - null
[2021-07-02T19:48:36.073] [DEBUG] cheese - login => username:admin,password:123456
[2021-07-02T19:48:36.074] [DEBUG] cheese - admin
[2021-07-02T19:48:36.079] [DEBUG] cheese - null
[2021-07-02T19:48:36.079] [DEBUG] cheese - null
[2021-07-02T19:50:48.135] [DEBUG] cheese - login => username:admin,password:123456
[2021-07-02T19:50:48.135] [DEBUG] cheese - admin
[2021-07-02T19:50:48.143] [DEBUG] cheese - null
[2021-07-02T19:50:48.146] [DEBUG] cheese - null
[2021-07-02T19:52:19.883] [DEBUG] cheese - login => username:admin,password:123456
[2021-07-02T19:52:19.884] [DEBUG] cheese - admin
[2021-07-02T19:52:19.907] [DEBUG] cheese - null
[2021-07-02T19:52:19.907] [DEBUG] cheese - null
[2021-07-02T20:11:42.666] [DEBUG] cheese - login => username:admin,password:123456
[2021-07-02T20:11:42.668] [DEBUG] cheese - admin
[2021-07-02T20:11:42.695] [DEBUG] cheese - null
[2021-07-02T20:11:42.696] [DEBUG] cheese - null
[2021-07-02T22:44:50.185] [DEBUG] cheese - login => username:admin,password:123456
[2021-07-02T22:44:50.187] [DEBUG] cheese - admin
[2021-07-02T22:44:50.232] [DEBUG] cheese - null
[2021-07-02T22:44:50.233] [DEBUG] cheese - null
[2021-07-02T23:15:05.226] [DEBUG] cheese - login => username:admin,password:123456
[2021-07-02T23:15:05.229] [DEBUG] cheese - admin
[2021-07-02T23:15:05.242] [DEBUG] cheese - null
[2021-07-02T23:15:05.243] [DEBUG] cheese - null
[2021-07-02T23:33:20.206] [DEBUG] cheese - login => username:admin,password:123456
[2021-07-02T23:33:20.207] [DEBUG] cheese - admin
[2021-07-02T23:33:20.214] [DEBUG] cheese - null
[2021-07-02T23:33:20.214] [DEBUG] cheese - null
[2021-07-05T20:17:01.298] [DEBUG] cheese - login => username:admin,password:123456
[2021-07-05T20:17:01.300] [DEBUG] cheese - admin
[2021-07-05T20:17:01.327] [DEBUG] cheese - null
[2021-07-05T20:17:01.328] [DEBUG] cheese - null
[2021-07-05T20:29:26.331] [DEBUG] cheese - login => username:admin,password:123456
[2021-07-05T20:29:26.332] [DEBUG] cheese - admin
[2021-07-05T20:29:26.347] [DEBUG] cheese - null
[2021-07-05T20:29:26.347] [DEBUG] cheese - null
[2021-07-05T20:40:27.953] [DEBUG] cheese - login => username:admin,password:123456
[2021-07-05T20:40:27.953] [DEBUG] cheese - admin
[2021-07-05T20:40:27.958] [DEBUG] cheese - null
[2021-07-05T20:40:27.958] [DEBUG] cheese - null
[2021-07-05T20:40:34.236] [DEBUG] cheese - login => username:admin,password:123456
[2021-07-05T20:40:34.236] [DEBUG] cheese - admin
[2021-07-05T20:40:34.242] [DEBUG] cheese - null
[2021-07-05T20:40:34.242] [DEBUG] cheese - null
[2021-07-05T20:43:04.799] [DEBUG] cheese - login => username:admin,password:123456
[2021-07-05T20:43:04.799] [DEBUG] cheese - admin
[2021-07-05T20:43:04.804] [DEBUG] cheese - null
[2021-07-05T20:43:04.805] [DEBUG] cheese - null
[2021-07-05T23:29:42.109] [DEBUG] cheese - login => username:admin,password:123456
[2021-07-05T23:29:42.111] [DEBUG] cheese - admin
[2021-07-05T23:29:42.147] [DEBUG] cheese - null
[2021-07-05T23:29:42.148] [DEBUG] cheese - null
[2021-07-06T00:39:26.115] [DEBUG] cheese - login => username:admin,password:123456
[2021-07-06T00:39:26.118] [DEBUG] cheese - admin
[2021-07-06T00:39:26.139] [DEBUG] cheese - null
[2021-07-06T00:39:26.140] [DEBUG] cheese - null
[2021-07-06T18:17:52.666] [DEBUG] cheese - login => username:admin,password:123456
[2021-07-06T18:17:52.667] [DEBUG] cheese - admin
[2021-07-06T18:17:52.699] [DEBUG] cheese - null
[2021-07-06T18:17:52.700] [DEBUG] cheese - null
[2021-07-06T18:18:38.853] [DEBUG] cheese - login => username:admin,password:123456
[2021-07-06T18:18:38.853] [DEBUG] cheese - admin
[2021-07-06T18:18:38.857] [DEBUG] cheese - null
[2021-07-06T18:18:38.857] [DEBUG] cheese - null
[2021-07-06T21:11:09.877] [DEBUG] cheese - login => username:admin,password:123456
[2021-07-06T21:11:09.878] [DEBUG] cheese - admin
[2021-07-06T21:11:09.893] [DEBUG] cheese - null
[2021-07-06T21:11:09.893] [DEBUG] cheese - null
[2021-07-06T21:15:03.425] [DEBUG] cheese - login => username:admin,password:123456
[2021-07-06T21:15:03.425] [DEBUG] cheese - admin
[2021-07-06T21:15:03.433] [DEBUG] cheese - null
[2021-07-06T21:15:03.433] [DEBUG] cheese - null
[2021-07-07T21:19:28.790] [DEBUG] cheese - login => username:admin,password:123456
[2021-07-07T21:19:28.794] [DEBUG] cheese - admin
[2021-07-07T21:19:28.840] [DEBUG] cheese - null
[2021-07-07T21:19:28.842] [DEBUG] cheese - null
[2021-07-07T21:19:52.985] [DEBUG] cheese - login => username:admi,password:123456
[2021-07-07T21:19:52.985] [DEBUG] cheese - admi
[2021-07-07T21:19:52.988] [DEBUG] cheese - null
[2021-07-07T21:19:52.988] [DEBUG] cheese - null
[2021-07-07T21:20:11.085] [DEBUG] cheese - login => username:admin,password:123456
[2021-07-07T21:20:11.085] [DEBUG] cheese - admin
[2021-07-07T21:20:11.091] [DEBUG] cheese - null
[2021-07-07T21:20:11.092] [DEBUG] cheese - null
[2021-07-07T21:20:21.468] [DEBUG] cheese - login => username:adminw,password:123456
[2021-07-07T21:20:21.468] [DEBUG] cheese - adminw
[2021-07-07T21:20:21.471] [DEBUG] cheese - null
[2021-07-07T21:20:21.472] [DEBUG] cheese - null
[2021-07-07T21:21:04.908] [DEBUG] cheese - login => username:adminww,password:123456
[2021-07-07T21:21:04.908] [DEBUG] cheese - adminww
[2021-07-07T21:21:04.910] [DEBUG] cheese - null
[2021-07-07T21:21:04.911] [DEBUG] cheese - null
[2021-07-07T21:21:55.839] [DEBUG] cheese - login => username:adminq,password:123456
[2021-07-07T21:21:55.839] [DEBUG] cheese - adminq
[2021-07-07T21:21:55.842] [DEBUG] cheese - null
[2021-07-07T21:21:55.842] [DEBUG] cheese - null
[2021-07-07T21:22:43.925] [DEBUG] cheese - login => username:adminq,password:123456
[2021-07-07T21:22:43.925] [DEBUG] cheese - adminq
[2021-07-07T21:22:43.929] [DEBUG] cheese - null
[2021-07-07T21:22:43.929] [DEBUG] cheese - null
[2021-07-07T21:24:32.024] [DEBUG] cheese - login => username:admin,password:123456
[2021-07-07T21:24:32.024] [DEBUG] cheese - admin
[2021-07-07T21:24:32.028] [DEBUG] cheese - null
[2021-07-07T21:24:32.028] [DEBUG] cheese - null
[2021-07-08T00:04:45.203] [DEBUG] cheese - login => username:admin,password:123456
[2021-07-08T00:04:45.207] [DEBUG] cheese - admin
[2021-07-08T00:04:45.252] [DEBUG] cheese - null
[2021-07-08T00:04:45.253] [DEBUG] cheese - null
[2021-07-08T00:32:10.395] [DEBUG] cheese - login => username:admins,password:123456
[2021-07-08T00:32:10.396] [DEBUG] cheese - admins
[2021-07-08T00:32:10.404] [DEBUG] cheese - null
[2021-07-08T00:32:10.404] [DEBUG] cheese - null
[2021-07-08T00:32:14.520] [DEBUG] cheese - login => username:admins,password:123456
[2021-07-08T00:32:14.520] [DEBUG] cheese - admins
[2021-07-08T00:32:14.527] [DEBUG] cheese - null
[2021-07-08T00:32:14.527] [DEBUG] cheese - null
[2021-07-08T00:32:55.144] [DEBUG] cheese - login => username:admina,password:123456
[2021-07-08T00:32:55.145] [DEBUG] cheese - admina
[2021-07-08T00:32:55.149] [DEBUG] cheese - null
[2021-07-08T00:32:55.149] [DEBUG] cheese - null
[2021-07-08T00:32:58.577] [DEBUG] cheese - login => username:admina,password:123456
[2021-07-08T00:32:58.577] [DEBUG] cheese - admina
[2021-07-08T00:32:58.583] [DEBUG] cheese - null
[2021-07-08T00:32:58.583] [DEBUG] cheese - null
[2021-07-08T00:32:58.935] [DEBUG] cheese - login => username:admina,password:123456
[2021-07-08T00:32:58.936] [DEBUG] cheese - admina
[2021-07-08T00:32:58.940] [DEBUG] cheese - null
[2021-07-08T00:32:58.941] [DEBUG] cheese - null
[2021-07-08T00:33:31.719] [DEBUG] cheese - login => username:admin,password:123456
[2021-07-08T00:33:31.719] [DEBUG] cheese - admin
[2021-07-08T00:33:31.729] [DEBUG] cheese - null
[2021-07-08T00:33:31.729] [DEBUG] cheese - null
[2021-07-08T00:33:36.129] [DEBUG] cheese - login => username:adminq,password:123456
[2021-07-08T00:33:36.129] [DEBUG] cheese - adminq
[2021-07-08T00:33:36.135] [DEBUG] cheese - null
[2021-07-08T00:33:36.135] [DEBUG] cheese - null
[2021-07-08T00:34:01.444] [DEBUG] cheese - login => username:admina,password:123456
[2021-07-08T00:34:01.444] [DEBUG] cheese - admina
[2021-07-08T00:34:01.449] [DEBUG] cheese - null
[2021-07-08T00:34:01.449] [DEBUG] cheese - null
[2021-07-08T00:34:06.906] [DEBUG] cheese - login => username:admina,password:123456
[2021-07-08T00:34:06.906] [DEBUG] cheese - admina
[2021-07-08T00:34:06.913] [DEBUG] cheese - null
[2021-07-08T00:34:06.913] [DEBUG] cheese - null
[2021-07-08T00:34:13.067] [DEBUG] cheese - login => username:admin,password:123456q
[2021-07-08T00:34:13.067] [DEBUG] cheese - admin
[2021-07-08T00:34:13.071] [DEBUG] cheese - null
[2021-07-08T00:34:13.071] [DEBUG] cheese - null
[2021-07-08T00:34:20.773] [DEBUG] cheese - login => username:admin,password:123456q
[2021-07-08T00:34:20.773] [DEBUG] cheese - admin
[2021-07-08T00:34:20.780] [DEBUG] cheese - null
[2021-07-08T00:34:20.780] [DEBUG] cheese - null
[2021-07-08T00:39:45.903] [DEBUG] cheese - login => username:admin,password:123456
[2021-07-08T00:39:45.903] [DEBUG] cheese - admin
[2021-07-08T00:39:45.908] [DEBUG] cheese - null
[2021-07-08T00:39:45.908] [DEBUG] cheese - null
[2021-07-08T00:39:47.634] [DEBUG] cheese - login => username:admin,password:123456
[2021-07-08T00:39:47.634] [DEBUG] cheese - admin
[2021-07-08T00:39:47.639] [DEBUG] cheese - null
[2021-07-08T00:39:47.640] [DEBUG] cheese - null
[2021-07-08T00:39:57.871] [DEBUG] cheese - login => username:admin,password:123456
[2021-07-08T00:39:57.871] [DEBUG] cheese - admin
[2021-07-08T00:39:57.875] [DEBUG] cheese - null
[2021-07-08T00:39:57.876] [DEBUG] cheese - null
[2021-07-08T00:40:05.700] [DEBUG] cheese - login => username:admina,password:123456
[2021-07-08T00:40:05.701] [DEBUG] cheese - admina
[2021-07-08T00:40:05.706] [DEBUG] cheese - null
[2021-07-08T00:40:05.706] [DEBUG] cheese - null
[2021-07-08T00:40:07.663] [DEBUG] cheese - login => username:admina,password:123456
[2021-07-08T00:40:07.663] [DEBUG] cheese - admina
[2021-07-08T00:40:07.667] [DEBUG] cheese - null
[2021-07-08T00:40:07.668] [DEBUG] cheese - null
[2021-07-08T00:40:12.737] [DEBUG] cheese - login => username:admina,password:123456
[2021-07-08T00:40:12.737] [DEBUG] cheese - admina
[2021-07-08T00:40:12.743] [DEBUG] cheese - null
[2021-07-08T00:40:12.743] [DEBUG] cheese - null
[2021-07-08T00:40:53.718] [DEBUG] cheese - login => username:admina,password:123456
[2021-07-08T00:40:53.718] [DEBUG] cheese - admina
[2021-07-08T00:40:53.724] [DEBUG] cheese - null
[2021-07-08T00:40:53.724] [DEBUG] cheese - null
[2021-07-08T00:41:14.310] [DEBUG] cheese - login => username:admin,password:123456
[2021-07-08T00:41:14.310] [DEBUG] cheese - admin
[2021-07-08T00:41:14.316] [DEBUG] cheese - null
[2021-07-08T00:41:14.317] [DEBUG] cheese - null
[2021-07-08T00:41:25.272] [DEBUG] cheese - login => username:admin,password:123456
[2021-07-08T00:41:25.272] [DEBUG] cheese - admin
[2021-07-08T00:41:25.276] [DEBUG] cheese - null
[2021-07-08T00:41:25.276] [DEBUG] cheese - null
[2021-07-08T00:41:43.714] [DEBUG] cheese - login => username:adminq,password:123456
[2021-07-08T00:41:43.714] [DEBUG] cheese - adminq
[2021-07-08T00:41:43.721] [DEBUG] cheese - null
[2021-07-08T00:41:43.721] [DEBUG] cheese - null
[2021-07-08T00:43:14.917] [DEBUG] cheese - login => username:adminq,password:123456
[2021-07-08T00:43:14.917] [DEBUG] cheese - adminq
[2021-07-08T00:43:14.923] [DEBUG] cheese - null
[2021-07-08T00:43:14.923] [DEBUG] cheese - null
[2021-07-08T00:43:19.113] [DEBUG] cheese - login => username:adminq,password:123456q
[2021-07-08T00:43:19.114] [DEBUG] cheese - adminq
[2021-07-08T00:43:19.119] [DEBUG] cheese - null
[2021-07-08T00:43:19.119] [DEBUG] cheese - null
[2021-07-08T00:43:22.188] [DEBUG] cheese - login => username:admin,password:123456q
[2021-07-08T00:43:22.188] [DEBUG] cheese - admin
[2021-07-08T00:43:22.195] [DEBUG] cheese - null
[2021-07-08T00:43:22.196] [DEBUG] cheese - null
[2021-07-08T00:44:09.479] [DEBUG] cheese - login => username:admina,password:123456
[2021-07-08T00:44:09.479] [DEBUG] cheese - admina
[2021-07-08T00:44:09.486] [DEBUG] cheese - null
[2021-07-08T00:44:09.486] [DEBUG] cheese - null
[2021-07-08T00:44:14.621] [DEBUG] cheese - login => username:admin,password:123456a
[2021-07-08T00:44:14.622] [DEBUG] cheese - admin
[2021-07-08T00:44:14.626] [DEBUG] cheese - null
[2021-07-08T00:44:14.626] [DEBUG] cheese - null
[2021-07-08T00:44:52.836] [DEBUG] cheese - login => username:admin,password:123456a
[2021-07-08T00:44:52.836] [DEBUG] cheese - admin
[2021-07-08T00:44:52.846] [DEBUG] cheese - null
[2021-07-08T00:44:52.846] [DEBUG] cheese - null
[2021-07-08T00:45:03.724] [DEBUG] cheese - login => username:admin,password:123456
[2021-07-08T00:45:03.724] [DEBUG] cheese - admin
[2021-07-08T00:45:03.729] [DEBUG] cheese - null
[2021-07-08T00:45:03.729] [DEBUG] cheese - null
[2021-07-08T00:45:41.488] [DEBUG] cheese - login => username:admin,password:123456
[2021-07-08T00:45:41.489] [DEBUG] cheese - admin
[2021-07-08T00:45:41.495] [DEBUG] cheese - null
[2021-07-08T00:45:41.496] [DEBUG] cheese - null
[2021-07-08T14:00:52.732] [DEBUG] cheese - login => username:admin,password:123456
[2021-07-08T14:00:52.733] [DEBUG] cheese - admin
[2021-07-08T14:00:52.756] [DEBUG] cheese - null
[2021-07-08T14:00:52.757] [DEBUG] cheese - null
[2021-07-08T23:20:24.941] [DEBUG] cheese - login => username:admin,password:123456
[2021-07-08T23:20:24.943] [DEBUG] cheese - admin
[2021-07-08T23:20:25.013] [DEBUG] cheese - null
[2021-07-08T23:20:25.014] [DEBUG] cheese - null
[2021-07-08T23:35:24.760] [DEBUG] cheese - login => username:admin,password:123456
[2021-07-08T23:35:24.761] [DEBUG] cheese - admin
[2021-07-08T23:35:24.776] [DEBUG] cheese - login => username:admin,password:123456
[2021-07-08T23:35:24.776] [DEBUG] cheese - admin
[2021-07-08T23:35:24.787] [DEBUG] cheese - null
[2021-07-08T23:35:24.788] [DEBUG] cheese - null
[2021-07-08T23:35:24.946] [DEBUG] cheese - null
[2021-07-08T23:35:24.947] [DEBUG] cheese - null
[2021-07-10T22:36:43.213] [DEBUG] cheese - login => username:admin,password:123456
[2021-07-10T22:36:43.216] [DEBUG] cheese - admin
[2021-07-10T22:36:43.264] [DEBUG] cheese - null
[2021-07-10T22:36:43.265] [DEBUG] cheese - null
[2021-07-11T16:20:57.702] [DEBUG] cheese - login => username:admin,password:123456
[2021-07-11T16:20:57.707] [DEBUG] cheese - admin
[2021-07-11T16:20:57.745] [DEBUG] cheese - null
[2021-07-11T16:20:57.746] [DEBUG] cheese - null
[2021-07-11T18:56:42.732] [DEBUG] cheese - null
[2021-07-11T18:57:10.889] [DEBUG] cheese - null
[2021-07-11T18:57:13.627] [DEBUG] cheese - null
[2021-07-11T18:57:42.764] [DEBUG] cheese - null
[2021-07-11T18:59:53.692] [DEBUG] cheese - null
[2021-07-11T19:01:34.269] [DEBUG] cheese - null
[2021-07-11T19:02:34.806] [DEBUG] cheese - null
[2021-07-11T19:02:46.063] [DEBUG] cheese - null
[2021-07-11T19:02:49.365] [DEBUG] cheese - null
[2021-07-11T19:02:53.268] [DEBUG] cheese - null
[2021-07-11T19:02:56.195] [DEBUG] cheese - null
[2021-07-11T19:03:48.420] [DEBUG] cheese - null
[2021-07-11T19:03:50.519] [DEBUG] cheese - null
[2021-07-11T19:04:17.785] [DEBUG] cheese - null
[2021-07-11T23:05:30.940] [DEBUG] cheese - login => username:admin,password:123456
[2021-07-11T23:05:30.942] [DEBUG] cheese - admin
[2021-07-11T23:05:30.974] [DEBUG] cheese - null
[2021-07-11T23:05:30.975] [DEBUG] cheese - null
[2021-07-12T19:15:14.997] [DEBUG] cheese - login => username:admin,password:123456
[2021-07-12T19:15:15.000] [DEBUG] cheese - admin
[2021-07-12T19:15:15.123] [DEBUG] cheese - null
[2021-07-12T19:15:15.124] [DEBUG] cheese - null
[2021-07-12T19:16:32.099] [DEBUG] cheese - login => username:admin,password:123456
[2021-07-12T19:16:32.099] [DEBUG] cheese - admin
[2021-07-12T19:16:32.106] [DEBUG] cheese - null
[2021-07-12T19:16:32.106] [DEBUG] cheese - null
[2021-07-12T19:52:50.769] [DEBUG] cheese - login => username:admin,password:123456
[2021-07-12T19:52:50.770] [DEBUG] cheese - admin
[2021-07-12T19:52:50.789] [DEBUG] cheese - null
[2021-07-12T19:52:50.789] [DEBUG] cheese - null
[2021-07-12T19:58:56.097] [DEBUG] cheese - login => username:admin,password:123456
[2021-07-12T19:58:56.097] [DEBUG] cheese - admin
[2021-07-12T19:58:56.107] [DEBUG] cheese - null
[2021-07-12T19:58:56.107] [DEBUG] cheese - null
[2021-07-12T23:27:01.176] [DEBUG] cheese - login => username:admin,password:123456
[2021-07-12T23:27:01.190] [DEBUG] cheese - admin
[2021-07-12T23:27:01.267] [DEBUG] cheese - null
[2021-07-12T23:27:01.268] [DEBUG] cheese - null
[2021-07-12T23:50:44.552] [DEBUG] cheese - null
[2021-07-12T23:50:47.663] [DEBUG] cheese - null
[2021-07-12T23:52:09.417] [DEBUG] cheese - null
[2021-07-13T00:09:51.550] [DEBUG] cheese - login => username:admin,password:123456
[2021-07-13T00:09:51.550] [DEBUG] cheese - admin
[2021-07-13T00:09:51.563] [DEBUG] cheese - null
[2021-07-13T00:09:51.563] [DEBUG] cheese - null
[2021-07-13T19:13:31.548] [DEBUG] cheese - login => username:admin,password:123456
[2021-07-13T19:13:31.549] [DEBUG] cheese - admin
[2021-07-13T19:13:31.558] [DEBUG] cheese - login => username:admin,password:123456
[2021-07-13T19:13:31.558] [DEBUG] cheese - admin
[2021-07-13T19:13:31.588] [DEBUG] cheese - null
[2021-07-13T19:13:31.589] [DEBUG] cheese - null
[2021-07-13T19:13:31.714] [DEBUG] cheese - null
[2021-07-13T19:13:31.714] [DEBUG] cheese - null
[2021-07-13T19:13:44.192] [DEBUG] cheese - login => username:admin,password:123456
[2021-07-13T19:13:44.193] [DEBUG] cheese - admin
[2021-07-13T19:13:44.199] [DEBUG] cheese - null
[2021-07-13T19:13:44.199] [DEBUG] cheese - null
[2021-07-13T20:59:00.732] [DEBUG] cheese - login => username:admin,password:123456
[2021-07-13T20:59:00.734] [DEBUG] cheese - admin
[2021-07-13T20:59:00.740] [DEBUG] cheese - null
[2021-07-13T20:59:00.740] [DEBUG] cheese - null
[2021-07-13T22:56:50.773] [DEBUG] cheese - login => username:admin,password:123456
[2021-07-13T22:56:50.776] [DEBUG] cheese - admin
[2021-07-13T22:56:50.812] [DEBUG] cheese - null
[2021-07-13T22:56:50.813] [DEBUG] cheese - null
[2021-07-13T23:19:21.400] [DEBUG] cheese - login => username:admin,password:123456
[2021-07-13T23:19:21.403] [DEBUG] cheese - admin
[2021-07-13T23:19:21.437] [DEBUG] cheese - null
[2021-07-13T23:19:21.438] [DEBUG] cheese - null
[2021-07-13T23:29:19.770] [DEBUG] cheese - null
[2021-07-13T23:29:27.834] [DEBUG] cheese - null
[2021-07-14T20:13:45.450] [DEBUG] cheese - login => username:admin,password:123456
[2021-07-14T20:13:45.452] [DEBUG] cheese - admin
[2021-07-14T20:13:45.497] [DEBUG] cheese - null
[2021-07-14T20:13:45.498] [DEBUG] cheese - null
[2021-07-14T22:52:31.337] [DEBUG] cheese - login => username:admin,password:123456
[2021-07-14T22:52:31.340] [DEBUG] cheese - admin
[2021-07-14T22:52:31.385] [DEBUG] cheese - null
[2021-07-14T22:52:31.386] [DEBUG] cheese - null
[2021-07-16T19:41:22.361] [DEBUG] cheese - login => username:admin,password:123456
[2021-07-16T19:41:22.363] [DEBUG] cheese - admin
[2021-07-16T19:41:22.411] [DEBUG] cheese - null
[2021-07-16T19:41:22.412] [DEBUG] cheese - null
[2021-07-16T22:24:53.508] [DEBUG] cheese - login => username:admin,password:123456
[2021-07-16T22:24:53.512] [DEBUG] cheese - admin
[2021-07-16T22:24:53.559] [DEBUG] cheese - null
[2021-07-16T22:24:53.560] [DEBUG] cheese - null
[2021-07-16T22:37:18.997] [DEBUG] cheese - login => username:admin,password:123456
[2021-07-16T22:37:19.000] [DEBUG] cheese - admin
[2021-07-16T22:37:19.012] [DEBUG] cheese - null
[2021-07-16T22:37:19.013] [DEBUG] cheese - null
[2021-07-18T14:22:34.391] [DEBUG] cheese - login => username:admin,password:123456
[2021-07-18T14:22:34.392] [DEBUG] cheese - admin
[2021-07-18T14:22:34.422] [DEBUG] cheese - null
[2021-07-18T14:22:34.423] [DEBUG] cheese - null
[2021-07-18T20:54:05.673] [DEBUG] cheese - login => username:admin,password:123456
[2021-07-18T20:54:05.677] [DEBUG] cheese - admin
[2021-07-18T20:54:05.700] [DEBUG] cheese - null
[2021-07-18T20:54:05.701] [DEBUG] cheese - null
[2021-07-18T20:54:45.995] [DEBUG] cheese - login => username:admin,password:123456
[2021-07-18T20:54:45.995] [DEBUG] cheese - admin
[2021-07-18T20:54:46.003] [DEBUG] cheese - null
[2021-07-18T20:54:46.003] [DEBUG] cheese - null
[2021-07-18T23:22:31.872] [DEBUG] cheese - login => username:admin,password:123456
[2021-07-18T23:22:31.878] [DEBUG] cheese - admin
[2021-07-18T23:22:31.891] [DEBUG] cheese - null
[2021-07-18T23:22:31.894] [DEBUG] cheese - null
[2021-07-18T23:26:57.670] [DEBUG] cheese - login => username:admin,password:123456
[2021-07-18T23:26:57.671] [DEBUG] cheese - admin
[2021-07-18T23:26:57.679] [DEBUG] cheese - null
[2021-07-18T23:26:57.680] [DEBUG] cheese - null
[2021-07-20T20:59:45.496] [DEBUG] cheese - login => username:admin,password:123456
[2021-07-20T20:59:45.498] [DEBUG] cheese - admin
[2021-07-20T20:59:45.512] [DEBUG] cheese - login => username:admin,password:123456
[2021-07-20T20:59:45.512] [DEBUG] cheese - admin
[2021-07-20T20:59:45.617] [DEBUG] cheese - null
[2021-07-20T20:59:45.618] [DEBUG] cheese - null
[2021-07-20T20:59:45.790] [DEBUG] cheese - null
[2021-07-20T20:59:45.790] [DEBUG] cheese - null
[2021-07-20T23:04:28.469] [DEBUG] cheese - login => username:admin,password:123456
[2021-07-20T23:04:28.472] [DEBUG] cheese - admin
[2021-07-20T23:04:28.506] [DEBUG] cheese - null
[2021-07-20T23:04:28.508] [DEBUG] cheese - null
[2021-07-21T20:09:57.030] [DEBUG] cheese - login => username:admin,password:123456
[2021-07-21T20:09:57.033] [DEBUG] cheese - admin
[2021-07-21T20:09:57.121] [DEBUG] cheese - null
[2021-07-21T20:09:57.123] [DEBUG] cheese - null
[2021-07-21T23:35:05.736] [DEBUG] cheese - login => username:admin,password:123456
[2021-07-21T23:35:05.738] [DEBUG] cheese - admin
[2021-07-21T23:35:05.788] [DEBUG] cheese - null
[2021-07-21T23:35:05.789] [DEBUG] cheese - null
[2021-07-22T15:05:08.855] [DEBUG] cheese - login => username:admin,password:123456
[2021-07-22T15:05:08.860] [DEBUG] cheese - admin
[2021-07-22T15:05:08.899] [DEBUG] cheese - null
[2021-07-22T15:05:08.899] [DEBUG] cheese - null
[2021-07-22T17:21:03.069] [DEBUG] cheese - login => username:admin,password:123456
[2021-07-22T17:21:03.073] [DEBUG] cheese - admin
[2021-07-22T17:21:03.080] [DEBUG] cheese - null
[2021-07-22T17:21:03.081] [DEBUG] cheese - null
[2021-07-22T17:22:54.980] [DEBUG] cheese - login => username:admin,password:123456
[2021-07-22T17:22:54.980] [DEBUG] cheese - admin
[2021-07-22T17:22:54.988] [DEBUG] cheese - null
[2021-07-22T17:22:54.988] [DEBUG] cheese - null
[2021-07-22T17:23:13.929] [DEBUG] cheese - login => username:admin,password:123456
[2021-07-22T17:23:13.929] [DEBUG] cheese - admin
[2021-07-22T17:23:13.934] [DEBUG] cheese - null
[2021-07-22T17:23:13.934] [DEBUG] cheese - null
[2021-07-22T19:38:10.218] [DEBUG] cheese - login => username:admin,password:123456
[2021-07-22T19:38:10.221] [DEBUG] cheese - admin
[2021-07-22T19:38:10.250] [DEBUG] cheese - null
[2021-07-22T19:38:10.252] [DEBUG] cheese - null
[2021-07-22T20:05:27.449] [DEBUG] cheese - login => username:admin,password:123456
[2021-07-22T20:05:27.453] [DEBUG] cheese - admin
[2021-07-22T20:05:27.491] [DEBUG] cheese - null
[2021-07-22T20:05:27.492] [DEBUG] cheese - null
[2021-07-29T11:14:34.334] [DEBUG] cheese - login => username:admin,password:123456
[2021-07-29T11:14:34.336] [DEBUG] cheese - admin
[2021-07-29T11:14:34.456] [DEBUG] cheese - null
[2021-07-29T11:14:34.457] [DEBUG] cheese - null
[2021-08-05T22:55:47.564] [DEBUG] cheese - login => username:admin,password:123456
[2021-08-05T22:55:47.568] [DEBUG] cheese - admin
[2021-08-05T22:55:47.606] [DEBUG] cheese - null
[2021-08-05T22:55:47.606] [DEBUG] cheese - null
[2021-08-10T15:26:10.360] [DEBUG] cheese - login => username:admin,password:123456
[2021-08-10T15:26:10.363] [DEBUG] cheese - admin
[2021-08-10T15:26:10.397] [DEBUG] cheese - null
[2021-08-10T15:26:10.397] [DEBUG] cheese - null
[2021-08-14T14:38:41.058] [DEBUG] cheese - login => username:admin,password:123456
[2021-08-14T14:38:41.062] [DEBUG] cheese - admin
[2021-08-14T14:38:41.105] [DEBUG] cheese - null
[2021-08-14T14:38:41.106] [DEBUG] cheese - null
[2021-09-14T15:00:07.492] [DEBUG] cheese - login => username:admin,password:123456
[2021-09-14T15:00:07.494] [DEBUG] cheese - admin
[2021-09-14T15:00:07.522] [DEBUG] cheese - null
[2021-09-14T15:00:07.522] [DEBUG] cheese - null
[2021-10-07T23:35:08.724] [DEBUG] cheese - login => username:admin,password:123456
[2021-10-07T23:35:08.727] [DEBUG] cheese - admin
[2021-10-07T23:35:08.765] [DEBUG] cheese - null
[2021-10-07T23:35:08.766] [DEBUG] cheese - null
